Using pre-set license
Built from '2020.3/staging' branch; Version is '2020.3.25f1 (9b9180224418) revision 10195328'; Using compiler version '192528614'; Build Type 'Release'
OS: 'Windows 10  (10.0.18363) 64bit Professional' Language: 'zh' Physical Memory: 16274 MB
BatchMode: 1, IsHumanControllingUs: 0, StartBugReporterOnCrash: 0, Is64bit: 1, IsPro: 0

COMMAND LINE ARGUMENTS:
C:\Program Files\Unity\Hub\Editor\2020.3.25f1\Editor\Unity.exe
-adb2
-batchMode
-noUpm
-name
AssetImportWorker0
-projectPath
C:/Users/user/Desktop/KG3D/KG_3D
-logFile
Logs/AssetImportWorker0.log
-srvPort
2137
Successfully changed project path to: C:/Users/user/Desktop/KG3D/KG_3D
C:/Users/user/Desktop/KG3D/KG_3D
Using Asset Import Pipeline V2.
Refreshing native plugins compatible for Editor in 31.83 ms, found 2 plugins.
Preloading 0 native plugins for Editor in 0.00 ms.
Initialize engine version: 2020.3.25f1 (9b9180224418)
[Subsystems] Discovering subsystems at path C:/Program Files/Unity/Hub/Editor/2020.3.25f1/Editor/Data/Resources/UnitySubsystems
[Subsystems] Discovering subsystems at path C:/Users/user/Desktop/KG3D/KG_3D/Assets
GfxDevice: creating device client; threaded=0
Direct3D:
    Version:  Direct3D 11.0 [level 11.1]
    Renderer: NVIDIA GeForce GTX 1050 (ID=0x1c81)
    Vendor:   
    VRAM:     1977 MB
    Driver:   27.21.14.6140
Initialize mono
Mono path[0] = 'C:/Program Files/Unity/Hub/Editor/2020.3.25f1/Editor/Data/Managed'
Mono path[1] = 'C:/Program Files/Unity/Hub/Editor/2020.3.25f1/Editor/Data/MonoBleedingEdge/lib/mono/unityjit'
Mono config path = 'C:/Program Files/Unity/Hub/Editor/2020.3.25f1/Editor/Data/MonoBleedingEdge/etc'
Using monoOptions --debugger-agent=transport=dt_socket,embedding=1,server=y,suspend=n,address=127.0.0.1:56220
Begin MonoManager ReloadAssembly
Registering precompiled unity dll's ...
Register platform support module: C:/Program Files/Unity/Hub/Editor/2020.3.25f1/Editor/Data/PlaybackEngines/WebGLSupport/UnityEditor.WebGL.Extensions.dll
Register platform support module: C:/Program Files/Unity/Hub/Editor/2020.3.25f1/Editor/Data/PlaybackEngines/WindowsStandaloneSupport/UnityEditor.WindowsStandalone.Extensions.dll
Registered in 0.001925 seconds.
Native extension for WindowsStandalone target not found
Native extension for WebGL target not found
Refreshing native plugins compatible for Editor in 30.12 ms, found 2 plugins.
Preloading 0 native plugins for Editor in 0.00 ms.
Mono: successfully reloaded assembly
- Completed reload, in  0.515 seconds
Domain Reload Profiling:
	ReloadAssembly (515ms)
		BeginReloadAssembly (47ms)
			ExecutionOrderSort (0ms)
			DisableScriptedObjects (0ms)
			BackupInstance (0ms)
			ReleaseScriptingObjects (0ms)
			CreateAndSetChildDomain (1ms)
		EndReloadAssembly (403ms)
			LoadAssemblies (45ms)
			RebuildTransferFunctionScriptingTraits (0ms)
			SetupTypeCache (143ms)
			ReleaseScriptCaches (0ms)
			RebuildScriptCaches (29ms)
			SetupLoadedEditorAssemblies (142ms)
				LogAssemblyErrors (0ms)
				InitializePlatformSupportModulesInManaged (4ms)
				SetLoadedEditorAssemblies (0ms)
				RefreshPlugins (30ms)
				BeforeProcessingInitializeOnLoad (7ms)
				ProcessInitializeOnLoadAttributes (75ms)
				ProcessInitializeOnLoadMethodAttributes (25ms)
				AfterProcessingInitializeOnLoad (0ms)
				EditorAssembliesLoaded (0ms)
			ExecutionOrderSort2 (0ms)
			AwakeInstancesAfterBackupRestoration (0ms)
Platform modules already initialized, skipping
Registering precompiled user dll's ...
Registered in 0.003738 seconds.
Begin MonoManager ReloadAssembly
Native extension for WindowsStandalone target not found
Native extension for WebGL target not found
Refreshing native plugins compatible for Editor in 0.54 ms, found 2 plugins.
Preloading 0 native plugins for Editor in 0.00 ms.
Mono: successfully reloaded assembly
- Completed reload, in  1.042 seconds
Domain Reload Profiling:
	ReloadAssembly (1043ms)
		BeginReloadAssembly (166ms)
			ExecutionOrderSort (0ms)
			DisableScriptedObjects (4ms)
			BackupInstance (0ms)
			ReleaseScriptingObjects (0ms)
			CreateAndSetChildDomain (19ms)
		EndReloadAssembly (746ms)
			LoadAssemblies (115ms)
			RebuildTransferFunctionScriptingTraits (0ms)
			SetupTypeCache (272ms)
			ReleaseScriptCaches (1ms)
			RebuildScriptCaches (45ms)
			SetupLoadedEditorAssemblies (262ms)
				LogAssemblyErrors (0ms)
				InitializePlatformSupportModulesInManaged (5ms)
				SetLoadedEditorAssemblies (0ms)
				RefreshPlugins (1ms)
				BeforeProcessingInitializeOnLoad (47ms)
				ProcessInitializeOnLoadAttributes (196ms)
				ProcessInitializeOnLoadMethodAttributes (8ms)
				AfterProcessingInitializeOnLoad (5ms)
				EditorAssembliesLoaded (0ms)
			ExecutionOrderSort2 (0ms)
			AwakeInstancesAfterBackupRestoration (6ms)
Platform modules already initialized, skipping
========================================================================
Worker process is ready to serve import requests
Launched and connected shader compiler UnityShaderCompiler.exe after 0.07 seconds
Refreshing native plugins compatible for Editor in 0.62 ms, found 2 plugins.
Preloading 0 native plugins for Editor in 0.00 ms.
Unloading 1661 Unused Serialized files (Serialized files now loaded: 0)
System memory in use before: 73.8 MB.
System memory in use after: 73.9 MB.

Unloading 20 unused Assets to reduce memory usage. Loaded Objects now: 2093.
Total: 2.383600 ms (FindLiveObjects: 0.127400 ms CreateObjectMapping: 0.047800 ms MarkObjects: 2.144300 ms  DeleteObjects: 0.063300 ms)

AssetImportParameters requested are different than current active one (requested -> active):
  custom:framework-win-MediaFoundation: 216162199b28c13a410421893ffa2e32 -> 
  custom:video-decoder-ogg-theora: a1e56fd34408186e4bbccfd4996cb3dc -> 
  custom:container-muxer-webm: aa71ff27fc2769a1b78a27578f13a17b -> 
  custom:container-demuxer-webm: 4f35f7cbe854078d1ac9338744f61a02 -> 
  custom:container-demuxer-ogg: 62fdf1f143b41e24485cea50d1cbac27 -> 
  custom:video-encoder-webm-vp8: eb34c28f22e8b96e1ab97ce403110664 -> 
  custom:video-decoder-webm-vp8: 9c59270c3fd7afecdb556c50c9e8de78 -> 
  custom:audio-decoder-ogg-vorbis: bf7c407c2cedff20999df2af8eb42d56 -> 
  custom:audio-encoder-webm-vorbis: bf7c407c2cedff20999df2af8eb42d56 -> 
========================================================================
Received Import Request.
  path: Assets/New Terrain.asset
  artifactKey: Guid(1a212cee2cc4bf34997d32188a26dbdd) Importer(815301076,1909f56bfc062723c751e8b465ee728b)
Start importing Assets/New Terrain.asset using Guid(1a212cee2cc4bf34997d32188a26dbdd) Importer(815301076,1909f56bfc062723c751e8b465ee728b)  -> (artifact id: 'af682cf733a91d16232f69438c617799') in 0.065011 seconds 
  Import took 0.067471 seconds .

========================================================================
Received Prepare
Registering precompiled user dll's ...
Registered in 0.003275 seconds.
Begin MonoManager ReloadAssembly
Native extension for WindowsStandalone target not found
Native extension for WebGL target not found
Refreshing native plugins compatible for Editor in 0.36 ms, found 2 plugins.
Preloading 0 native plugins for Editor in 0.00 ms.
Mono: successfully reloaded assembly
- Completed reload, in  0.791 seconds
Domain Reload Profiling:
	ReloadAssembly (791ms)
		BeginReloadAssembly (87ms)
			ExecutionOrderSort (0ms)
			DisableScriptedObjects (4ms)
			BackupInstance (0ms)
			ReleaseScriptingObjects (0ms)
			CreateAndSetChildDomain (28ms)
		EndReloadAssembly (654ms)
			LoadAssemblies (68ms)
			RebuildTransferFunctionScriptingTraits (0ms)
			SetupTypeCache (237ms)
			ReleaseScriptCaches (1ms)
			RebuildScriptCaches (35ms)
			SetupLoadedEditorAssemblies (234ms)
				LogAssemblyErrors (0ms)
				InitializePlatformSupportModulesInManaged (4ms)
				SetLoadedEditorAssemblies (0ms)
				RefreshPlugins (0ms)
				BeforeProcessingInitializeOnLoad (42ms)
				ProcessInitializeOnLoadAttributes (175ms)
				ProcessInitializeOnLoadMethodAttributes (7ms)
				AfterProcessingInitializeOnLoad (5ms)
				EditorAssembliesLoaded (0ms)
			ExecutionOrderSort2 (0ms)
			AwakeInstancesAfterBackupRestoration (5ms)
Platform modules already initialized, skipping
Refreshing native plugins compatible for Editor in 0.32 ms, found 2 plugins.
Preloading 0 native plugins for Editor in 0.00 ms.
Unloading 1656 Unused Serialized files (Serialized files now loaded: 0)
System memory in use before: 74.4 MB.
System memory in use after: 73.9 MB.

Unloading 17 unused Assets to reduce memory usage. Loaded Objects now: 2102.
Total: 2.912000 ms (FindLiveObjects: 0.152000 ms CreateObjectMapping: 0.048700 ms MarkObjects: 2.383000 ms  DeleteObjects: 0.327400 ms)

AssetImportParameters requested are different than current active one (requested -> active):
  custom:framework-win-MediaFoundation: 216162199b28c13a410421893ffa2e32 -> 
  custom:video-decoder-ogg-theora: a1e56fd34408186e4bbccfd4996cb3dc -> 
  custom:container-muxer-webm: aa71ff27fc2769a1b78a27578f13a17b -> 
  custom:container-demuxer-webm: 4f35f7cbe854078d1ac9338744f61a02 -> 
  custom:container-demuxer-ogg: 62fdf1f143b41e24485cea50d1cbac27 -> 
  custom:video-encoder-webm-vp8: eb34c28f22e8b96e1ab97ce403110664 -> 
  custom:video-decoder-webm-vp8: 9c59270c3fd7afecdb556c50c9e8de78 -> 
  custom:audio-decoder-ogg-vorbis: bf7c407c2cedff20999df2af8eb42d56 -> 
  custom:audio-encoder-webm-vorbis: bf7c407c2cedff20999df2af8eb42d56 -> 
========================================================================
Received Import Request.
  Time since last request: 556.286126 seconds.
  path: Assets/Scenes
  artifactKey: Guid(8b4eb61a614bc2448963fb235e7f7485) Importer(815301076,1909f56bfc062723c751e8b465ee728b)
Start importing Assets/Scenes using Guid(8b4eb61a614bc2448963fb235e7f7485) Importer(815301076,1909f56bfc062723c751e8b465ee728b)  -> (artifact id: 'e443c90ef9e99b5171cf84ffa1f9d9bd') in 0.005928 seconds 
  Import took 0.008313 seconds .

========================================================================
Received Import Request.
  Time since last request: 2.861597 seconds.
  path: Assets/Prefabs/Obstracle.prefab
  artifactKey: Guid(41836ddce4f3ca94f897d293ba44324d) Importer(815301076,1909f56bfc062723c751e8b465ee728b)
Start importing Assets/Prefabs/Obstracle.prefab using Guid(41836ddce4f3ca94f897d293ba44324d) Importer(815301076,1909f56bfc062723c751e8b465ee728b)  -> (artifact id: '2e79c4441704e17679fcf22fbfa4962a') in 0.177169 seconds 
  Import took 0.180152 seconds .

========================================================================
Received Import Request.
  Time since last request: 0.514879 seconds.
  path: Assets/Prefab/Bone.prefab
  artifactKey: Guid(71400011fb2e5184988cf0e15e5211a2) Importer(815301076,1909f56bfc062723c751e8b465ee728b)
Start importing Assets/Prefab/Bone.prefab using Guid(71400011fb2e5184988cf0e15e5211a2) Importer(815301076,1909f56bfc062723c751e8b465ee728b)  -> (artifact id: '172dfa12770a1c0ee85550a7717137dc') in 0.184492 seconds 
  Import took 0.187351 seconds .

========================================================================
Received Import Request.
  Time since last request: 0.000209 seconds.
  path: Assets/Prefab/NewLayer.terrainlayer
  artifactKey: Guid(30bfaaefa97a0a845baad8ed554a9d63) Importer(815301076,1909f56bfc062723c751e8b465ee728b)
Start importing Assets/Prefab/NewLayer.terrainlayer using Guid(30bfaaefa97a0a845baad8ed554a9d63) Importer(815301076,1909f56bfc062723c751e8b465ee728b)  -> (artifact id: '426c3e6ba88951361e36f2a4bdd53fd3') in 0.023433 seconds 
  Import took 0.026188 seconds .

========================================================================
Received Import Request.
  Time since last request: 0.000214 seconds.
  path: Assets/Prefab/PunkPlayer.prefab
  artifactKey: Guid(6e8dccd6c6f72f3488d3166b358d21bc) Importer(815301076,1909f56bfc062723c751e8b465ee728b)
Start importing Assets/Prefab/PunkPlayer.prefab using Guid(6e8dccd6c6f72f3488d3166b358d21bc) Importer(815301076,1909f56bfc062723c751e8b465ee728b)  -> (artifact id: 'fd6e4aa2baf39a68490af5c90ada815f') in 0.082450 seconds 
  Import took 0.087378 seconds .

========================================================================
Received Import Request.
  Time since last request: 0.000226 seconds.
  path: Assets/Prefab/Horse.prefab
  artifactKey: Guid(6711f4ae95aefd34887ec88bd0c62574) Importer(815301076,1909f56bfc062723c751e8b465ee728b)
Start importing Assets/Prefab/Horse.prefab using Guid(6711f4ae95aefd34887ec88bd0c62574) Importer(815301076,1909f56bfc062723c751e8b465ee728b)  -> (artifact id: 'cd0f41be61ca8c7023923cb5d837fb51') in 0.024884 seconds 
  Import took 0.027671 seconds .

========================================================================
Received Import Request.
  Time since last request: 0.000226 seconds.
  path: Assets/Prefab/Pizza.prefab
  artifactKey: Guid(f0ac7b5b733b50340a5f73046d58d939) Importer(815301076,1909f56bfc062723c751e8b465ee728b)
Start importing Assets/Prefab/Pizza.prefab using Guid(f0ac7b5b733b50340a5f73046d58d939) Importer(815301076,1909f56bfc062723c751e8b465ee728b)  -> (artifact id: '9327dc4f911ad10b4a07566a2b8e3003') in 0.013353 seconds 
  Import took 0.016166 seconds .

========================================================================
Received Import Request.
  Time since last request: 0.000287 seconds.
  path: Assets/Prefab/Stag.prefab
  artifactKey: Guid(4c81cd819ec97f1429a2f91c2c5d68fe) Importer(815301076,1909f56bfc062723c751e8b465ee728b)
Start importing Assets/Prefab/Stag.prefab using Guid(4c81cd819ec97f1429a2f91c2c5d68fe) Importer(815301076,1909f56bfc062723c751e8b465ee728b)  -> (artifact id: 'cec4fb2a5325cd579df5972e115aa6cd') in 0.025543 seconds 
  Import took 0.028972 seconds .

========================================================================
Received Import Request.
  Time since last request: 0.000210 seconds.
  path: Assets/Prefab/Fox.prefab
  artifactKey: Guid(c4d4dc4fc98edc74ba5e72f806eeae82) Importer(815301076,1909f56bfc062723c751e8b465ee728b)
Start importing Assets/Prefab/Fox.prefab using Guid(c4d4dc4fc98edc74ba5e72f806eeae82) Importer(815301076,1909f56bfc062723c751e8b465ee728b)  -> (artifact id: '837710c713f0f951744ea51bcc709b28') in 0.028486 seconds 
  Import took 0.031633 seconds .

========================================================================
Received Import Request.
  Time since last request: 0.000256 seconds.
  path: Assets/Prefab/Drink.prefab
  artifactKey: Guid(84ac3f3ea7d5d0a4095498ec08f9e257) Importer(815301076,1909f56bfc062723c751e8b465ee728b)
Start importing Assets/Prefab/Drink.prefab using Guid(84ac3f3ea7d5d0a4095498ec08f9e257) Importer(815301076,1909f56bfc062723c751e8b465ee728b)  -> (artifact id: '9b8d27340a5d8e0591c3629968b8d647') in 0.014140 seconds 
  Import took 0.016830 seconds .

========================================================================
Received Import Request.
  Time since last request: 19.699982 seconds.
  path: Assets/Scenes/SampleScene.unity
  artifactKey: Guid(9fc0d4010bbf28b4594072e72b8655ab) Importer(815301076,1909f56bfc062723c751e8b465ee728b)
Start importing Assets/Scenes/SampleScene.unity using Guid(9fc0d4010bbf28b4594072e72b8655ab) Importer(815301076,1909f56bfc062723c751e8b465ee728b)  -> (artifact id: 'dcc088d1731b590f9572c6f2bab98c6a') in 0.009083 seconds 
  Import took 0.012196 seconds .

========================================================================
Received Import Request.
  Time since last request: 2.233484 seconds.
  path: Assets/Scenes/Prototype 3_KG_class_20220314.unity
  artifactKey: Guid(4a5d42bf0e8fba541ad3b9cdf1c9cc84) Importer(815301076,1909f56bfc062723c751e8b465ee728b)
Start importing Assets/Scenes/Prototype 3_KG_class_20220314.unity using Guid(4a5d42bf0e8fba541ad3b9cdf1c9cc84) Importer(815301076,1909f56bfc062723c751e8b465ee728b)  -> (artifact id: '1a5004e91efe6e8854c4b126eba8ade6') in 0.007421 seconds 
  Import took 0.012418 seconds .

========================================================================
Received Import Request.
  Time since last request: 4.205360 seconds.
  path: Assets/Scenes/Prototype 3.unity
  artifactKey: Guid(dc8c9f3efd746429fa6f9482dc779492) Importer(815301076,1909f56bfc062723c751e8b465ee728b)
Start importing Assets/Scenes/Prototype 3.unity using Guid(dc8c9f3efd746429fa6f9482dc779492) Importer(815301076,1909f56bfc062723c751e8b465ee728b)  -> (artifact id: '5b4b0d16639c420faa2f1fa967274a55') in 0.006004 seconds 
  Import took 0.008994 seconds .

========================================================================
Received Prepare
Registering precompiled user dll's ...
Registered in 0.003340 seconds.
Begin MonoManager ReloadAssembly
Native extension for WindowsStandalone target not found
Native extension for WebGL target not found
Refreshing native plugins compatible for Editor in 0.35 ms, found 2 plugins.
Preloading 0 native plugins for Editor in 0.00 ms.
Mono: successfully reloaded assembly
- Completed reload, in  0.780 seconds
Domain Reload Profiling:
	ReloadAssembly (780ms)
		BeginReloadAssembly (100ms)
			ExecutionOrderSort (0ms)
			DisableScriptedObjects (3ms)
			BackupInstance (0ms)
			ReleaseScriptingObjects (0ms)
			CreateAndSetChildDomain (33ms)
		EndReloadAssembly (631ms)
			LoadAssemblies (66ms)
			RebuildTransferFunctionScriptingTraits (0ms)
			SetupTypeCache (224ms)
			ReleaseScriptCaches (1ms)
			RebuildScriptCaches (35ms)
			SetupLoadedEditorAssemblies (225ms)
				LogAssemblyErrors (0ms)
				InitializePlatformSupportModulesInManaged (5ms)
				SetLoadedEditorAssemblies (0ms)
				RefreshPlugins (0ms)
				BeforeProcessingInitializeOnLoad (41ms)
				ProcessInitializeOnLoadAttributes (167ms)
				ProcessInitializeOnLoadMethodAttributes (6ms)
				AfterProcessingInitializeOnLoad (5ms)
				EditorAssembliesLoaded (0ms)
			ExecutionOrderSort2 (0ms)
			AwakeInstancesAfterBackupRestoration (5ms)
Platform modules already initialized, skipping
Refreshing native plugins compatible for Editor in 0.34 ms, found 2 plugins.
Preloading 0 native plugins for Editor in 0.00 ms.
Unloading 1656 Unused Serialized files (Serialized files now loaded: 0)
System memory in use before: 91.0 MB.
System memory in use after: 91.1 MB.

Unloading 15 unused Assets to reduce memory usage. Loaded Objects now: 2114.
Total: 2.511400 ms (FindLiveObjects: 0.132000 ms CreateObjectMapping: 0.041300 ms MarkObjects: 2.325300 ms  DeleteObjects: 0.012300 ms)

AssetImportParameters requested are different than current active one (requested -> active):
  custom:framework-win-MediaFoundation: 216162199b28c13a410421893ffa2e32 -> 
  custom:video-decoder-ogg-theora: a1e56fd34408186e4bbccfd4996cb3dc -> 
  custom:container-muxer-webm: aa71ff27fc2769a1b78a27578f13a17b -> 
  custom:container-demuxer-webm: 4f35f7cbe854078d1ac9338744f61a02 -> 
  custom:container-demuxer-ogg: 62fdf1f143b41e24485cea50d1cbac27 -> 
  custom:video-encoder-webm-vp8: eb34c28f22e8b96e1ab97ce403110664 -> 
  custom:video-decoder-webm-vp8: 9c59270c3fd7afecdb556c50c9e8de78 -> 
  custom:audio-decoder-ogg-vorbis: bf7c407c2cedff20999df2af8eb42d56 -> 
  custom:audio-encoder-webm-vorbis: bf7c407c2cedff20999df2af8eb42d56 -> 
========================================================================
Received Import Request.
  Time since last request: 1010.326068 seconds.
  path: Assets/Course Library/Scripts
  artifactKey: Guid(5fd42602a08ae724da04d531b0a06c07) Importer(815301076,1909f56bfc062723c751e8b465ee728b)
Start importing Assets/Course Library/Scripts using Guid(5fd42602a08ae724da04d531b0a06c07) Importer(815301076,1909f56bfc062723c751e8b465ee728b)  -> (artifact id: 'eca43de1d0adf226020fce64b5d0007c') in 0.010129 seconds 
  Import took 0.013653 seconds .

========================================================================
Received Import Request.
  Time since last request: 0.475779 seconds.
  path: Assets/Course Library/Script
  artifactKey: Guid(672335b0514dc344f8e43009edd406d5) Importer(815301076,1909f56bfc062723c751e8b465ee728b)
Start importing Assets/Course Library/Script using Guid(672335b0514dc344f8e43009edd406d5) Importer(815301076,1909f56bfc062723c751e8b465ee728b)  -> (artifact id: 'e555566b57501d935e58c163d0cc12dc') in 0.005809 seconds 
  Import took 0.008798 seconds .

========================================================================
Received Import Request.
  Time since last request: 198.402576 seconds.
  path: Assets/Course Library/Scripts/PlayerController.cs
  artifactKey: Guid(c3c0fa458941e0443b6adf9fced1996d) Importer(815301076,1909f56bfc062723c751e8b465ee728b)
Start importing Assets/Course Library/Scripts/PlayerController.cs using Guid(c3c0fa458941e0443b6adf9fced1996d) Importer(815301076,1909f56bfc062723c751e8b465ee728b)  -> (artifact id: '040364d35c093821d4e84df469771d1f') in 0.034005 seconds 
  Import took 0.036264 seconds .

========================================================================
Received Prepare
Registering precompiled user dll's ...
Registered in 0.003310 seconds.
Begin MonoManager ReloadAssembly
Native extension for WindowsStandalone target not found
Native extension for WebGL target not found
Refreshing native plugins compatible for Editor in 0.34 ms, found 2 plugins.
Preloading 0 native plugins for Editor in 0.00 ms.
Mono: successfully reloaded assembly
- Completed reload, in  0.795 seconds
Domain Reload Profiling:
	ReloadAssembly (795ms)
		BeginReloadAssembly (87ms)
			ExecutionOrderSort (0ms)
			DisableScriptedObjects (4ms)
			BackupInstance (0ms)
			ReleaseScriptingObjects (0ms)
			CreateAndSetChildDomain (29ms)
		EndReloadAssembly (657ms)
			LoadAssemblies (68ms)
			RebuildTransferFunctionScriptingTraits (0ms)
			SetupTypeCache (239ms)
			ReleaseScriptCaches (1ms)
			RebuildScriptCaches (36ms)
			SetupLoadedEditorAssemblies (231ms)
				LogAssemblyErrors (0ms)
				InitializePlatformSupportModulesInManaged (4ms)
				SetLoadedEditorAssemblies (0ms)
				RefreshPlugins (0ms)
				BeforeProcessingInitializeOnLoad (42ms)
				ProcessInitializeOnLoadAttributes (172ms)
				ProcessInitializeOnLoadMethodAttributes (7ms)
				AfterProcessingInitializeOnLoad (5ms)
				EditorAssembliesLoaded (0ms)
			ExecutionOrderSort2 (0ms)
			AwakeInstancesAfterBackupRestoration (5ms)
Platform modules already initialized, skipping
Refreshing native plugins compatible for Editor in 0.40 ms, found 2 plugins.
Preloading 0 native plugins for Editor in 0.00 ms.
Unloading 1656 Unused Serialized files (Serialized files now loaded: 0)
System memory in use before: 91.0 MB.
System memory in use after: 91.1 MB.

Unloading 15 unused Assets to reduce memory usage. Loaded Objects now: 2116.
Total: 2.342600 ms (FindLiveObjects: 0.130300 ms CreateObjectMapping: 0.047400 ms MarkObjects: 2.150500 ms  DeleteObjects: 0.013800 ms)

AssetImportParameters requested are different than current active one (requested -> active):
  custom:framework-win-MediaFoundation: 216162199b28c13a410421893ffa2e32 -> 
  custom:video-decoder-ogg-theora: a1e56fd34408186e4bbccfd4996cb3dc -> 
  custom:container-muxer-webm: aa71ff27fc2769a1b78a27578f13a17b -> 
  custom:container-demuxer-webm: 4f35f7cbe854078d1ac9338744f61a02 -> 
  custom:container-demuxer-ogg: 62fdf1f143b41e24485cea50d1cbac27 -> 
  custom:video-encoder-webm-vp8: eb34c28f22e8b96e1ab97ce403110664 -> 
  custom:video-decoder-webm-vp8: 9c59270c3fd7afecdb556c50c9e8de78 -> 
  custom:audio-decoder-ogg-vorbis: bf7c407c2cedff20999df2af8eb42d56 -> 
  custom:audio-encoder-webm-vorbis: bf7c407c2cedff20999df2af8eb42d56 -> 
========================================================================
Received Import Request.
  Time since last request: 286.233330 seconds.
  path: Assets/Course Library/Scripts/RepeatBackground.cs
  artifactKey: Guid(84690adafbebb2f4a97a7905a4d11374) Importer(815301076,1909f56bfc062723c751e8b465ee728b)
Start importing Assets/Course Library/Scripts/RepeatBackground.cs using Guid(84690adafbebb2f4a97a7905a4d11374) Importer(815301076,1909f56bfc062723c751e8b465ee728b)  -> (artifact id: '77802af5e89c51608fcb026b5b564921') in 0.008095 seconds 
  Import took 0.011012 seconds .

========================================================================
Received Import Request.
  Time since last request: 16.102241 seconds.
  path: Assets/Course Library/Scripts/SpwanManager.cs
  artifactKey: Guid(ec2b54a00c790b3499779a1caf1f196c) Importer(815301076,1909f56bfc062723c751e8b465ee728b)
Start importing Assets/Course Library/Scripts/SpwanManager.cs using Guid(ec2b54a00c790b3499779a1caf1f196c) Importer(815301076,1909f56bfc062723c751e8b465ee728b)  -> (artifact id: '0a94ecb2e309c022cfcea9e508520404') in 0.004621 seconds 
  Import took 0.007089 seconds .

========================================================================
Received Import Request.
  Time since last request: 6.986713 seconds.
  path: Assets/Course Library/Scripts/MoveLeft.cs
  artifactKey: Guid(61a05379c9030174790c40b2a9d4724d) Importer(815301076,1909f56bfc062723c751e8b465ee728b)
Start importing Assets/Course Library/Scripts/MoveLeft.cs using Guid(61a05379c9030174790c40b2a9d4724d) Importer(815301076,1909f56bfc062723c751e8b465ee728b)  -> (artifact id: '1529a5bacc8f101bb919d354474c60e8') in 0.005027 seconds 
  Import took 0.007660 seconds .

========================================================================
Received Import Request.
  Time since last request: 747.644691 seconds.
  path: Assets/Course Library/Scripts/MoveLeft.cs
  artifactKey: Guid(61a05379c9030174790c40b2a9d4724d) Importer(815301076,1909f56bfc062723c751e8b465ee728b)
Start importing Assets/Course Library/Scripts/MoveLeft.cs using Guid(61a05379c9030174790c40b2a9d4724d) Importer(815301076,1909f56bfc062723c751e8b465ee728b)  -> (artifact id: 'c01cbe7fc4ccde2119da77d59d28c4cf') in 0.003020 seconds 
  Import took 0.006644 seconds .

AssetImportWorkerClient::OnTransportError - code=2 error=End of file
